<?xml version="1.0" encoding="UTF-8"?>
<robot generator="Robot 6.0.1 (Python 3.12.0 on win32)" generated="20240216 14:20:19.094" rpa="false" schemaversion="3">
<suite id="s1" name="Modelo" source="E:\Cursos Online\RobotFramework\Aula Robot 2\modelo.robot">
<test id="s1-t1" name="Cenário 1: Acessando o site do Robot" line="12">
<kw name="Abrir Site">
<kw name="Open Browser" library="SeleniumLibrary">
<arg>https://robotframework.org/</arg>
<arg>chrome</arg>
<doc>Opens a new browser instance to the optional ``url``.</doc>
<msg timestamp="20240216 14:20:19.277" level="INFO">Opening browser 'chrome' to base url 'https://robotframework.org/'.</msg>
<status status="PASS" starttime="20240216 14:20:19.277" endtime="20240216 14:20:24.122"/>
</kw>
<status status="PASS" starttime="20240216 14:20:19.277" endtime="20240216 14:20:24.123"/>
</kw>
<status status="PASS" starttime="20240216 14:20:19.276" endtime="20240216 14:20:24.123"/>
</test>
<status status="PASS" starttime="20240216 14:20:19.095" endtime="20240216 14:20:24.124"/>
</suite>
<statistics>
<total>
<stat pass="1" fail="0" skip="0">All Tests</stat>
</total>
<tag>
</tag>
<suite>
<stat pass="1" fail="0" skip="0" id="s1" name="Modelo">Modelo</stat>
</suite>
</statistics>
<errors>
</errors>
</robot>
