<?xml version="1.0" encoding="UTF-8"?>
<robot generator="Robot 6.0.1 (Python 3.12.0 on win32)" generated="20240219 14:20:13.343" rpa="false" schemaversion="3">
<suite id="s1" name="Bdd" source="E:\Cursos Online\RobotFramework\Aula Robot 5\bdd.robot">
<test id="s1-t1" name="Cenário 1: Executar vídeos no site do youtube" line="39">
<kw name="Dado que eu acesso o site do youtube">
<kw name="Open Browser" library="SeleniumLibrary">
<arg>${URL}</arg>
<arg>${Browser}</arg>
<doc>Opens a new browser instance to the optional ``url``.</doc>
<msg timestamp="20240219 14:20:13.536" level="INFO">Opening browser 'chrome' to base url 'https://www.youtube.com/'.</msg>
<status status="PASS" starttime="20240219 14:20:13.536" endtime="20240219 14:20:18.328"/>
</kw>
<status status="PASS" starttime="20240219 14:20:13.536" endtime="20240219 14:20:18.328"/>
</kw>
<kw name="Quando digito o nome da música">
<kw name="Input Text" library="SeleniumLibrary">
<arg>${Input_Pesquisa}</arg>
<arg>${NomeDaMusica}</arg>
<doc>Types the given ``text`` into the text field identified by ``locator``.</doc>
<msg timestamp="20240219 14:20:18.329" level="INFO">Typing text 'GODS Newjeans' into text field '//input[@id='search']'.</msg>
<status status="PASS" starttime="20240219 14:20:18.328" endtime="20240219 14:20:18.629"/>
</kw>
<status status="PASS" starttime="20240219 14:20:18.328" endtime="20240219 14:20:18.629"/>
</kw>
<kw name="E clico no botão buscar">
<kw name="Click Element" library="SeleniumLibrary">
<arg>${Button_Pesquisa}</arg>
<doc>Click the element identified by ``locator``.</doc>
<msg timestamp="20240219 14:20:18.630" level="INFO">Clicking element '//button[@id="search-icon-legacy"]'.</msg>
<status status="PASS" starttime="20240219 14:20:18.630" endtime="20240219 14:20:18.731"/>
</kw>
<status status="PASS" starttime="20240219 14:20:18.630" endtime="20240219 14:20:18.731"/>
</kw>
<kw name="E clico na primeira opção da lista">
<kw name="Wait Until Element Is Visible" library="SeleniumLibrary">
<arg>${Primeiro}</arg>
<arg>10s</arg>
<doc>Waits until the element ``locator`` is visible.</doc>
<status status="PASS" starttime="20240219 14:20:18.732" endtime="20240219 14:20:19.881"/>
</kw>
<kw name="Click Element" library="SeleniumLibrary">
<arg>${Primeiro}</arg>
<doc>Click the element identified by ``locator``.</doc>
<msg timestamp="20240219 14:20:19.881" level="INFO">Clicking element '(//yt-formatted-string[@class="style-scope ytd-video-renderer"])[1]'.</msg>
<status status="PASS" starttime="20240219 14:20:19.881" endtime="20240219 14:20:20.051"/>
</kw>
<status status="PASS" starttime="20240219 14:20:18.731" endtime="20240219 14:20:20.051"/>
</kw>
<kw name="Então o vídeo é executado">
<kw name="Wait Until Element Is Visible" library="SeleniumLibrary">
<arg>${Prova}</arg>
<arg>10s</arg>
<doc>Waits until the element ``locator`` is visible.</doc>
<status status="PASS" starttime="20240219 14:20:20.052" endtime="20240219 14:20:21.101"/>
</kw>
<kw name="Element Should Be Visible" library="SeleniumLibrary">
<arg>${Prova}</arg>
<doc>Verifies that the element identified by ``locator`` is visible.</doc>
<msg timestamp="20240219 14:20:21.120" level="INFO">Element '//yt-button-shape[@id="subscribe-button-shape"]' is displayed.</msg>
<status status="PASS" starttime="20240219 14:20:21.101" endtime="20240219 14:20:21.120"/>
</kw>
<kw name="Sleep" library="BuiltIn">
<arg>3s</arg>
<doc>Pauses the test executed for the given time.</doc>
<msg timestamp="20240219 14:20:24.120" level="INFO">Slept 3 seconds</msg>
<status status="PASS" starttime="20240219 14:20:21.120" endtime="20240219 14:20:24.120"/>
</kw>
<kw name="Close Browser" library="SeleniumLibrary">
<doc>Closes the current browser.</doc>
<status status="PASS" starttime="20240219 14:20:24.120" endtime="20240219 14:20:26.398"/>
</kw>
<status status="PASS" starttime="20240219 14:20:20.051" endtime="20240219 14:20:26.398"/>
</kw>
<status status="PASS" starttime="20240219 14:20:13.535" endtime="20240219 14:20:26.398"/>
</test>
<status status="PASS" starttime="20240219 14:20:13.345" endtime="20240219 14:20:26.400"/>
</suite>
<statistics>
<total>
<stat pass="1" fail="0" skip="0">All Tests</stat>
</total>
<tag>
</tag>
<suite>
<stat pass="1" fail="0" skip="0" id="s1" name="Bdd">Bdd</stat>
</suite>
</statistics>
<errors>
</errors>
</robot>
